+ source /dev/stdin
++ mkdir -p /Users/Setup/.vscode-server/bin/d2e414d9e4239a252d1ab117bd7067f125afd80a
++ wget https://update.code.visualstudio.com/commit:d2e414d9e4239a252d1ab117bd7067f125afd80a/server-linux-x64/stable -O /tmp/vscode.tar.gzc
--2020-11-10 16:22:46--  https://update.code.visualstudio.com/commit:d2e414d9e4239a252d1ab117bd7067f125afd80a/server-linux-x64/stable
Resolving update.code.visualstudio.com (update.code.visualstudio.com)... 104.42.78.153
Connecting to update.code.visualstudio.com (update.code.visualstudio.com)|104.42.78.153|:443... connected.
HTTP request sent, awaiting response... 302 Found
Location: https://az764295.vo.msecnd.net/stable/d2e414d9e4239a252d1ab117bd7067f125afd80a/vscode-server-linux-x64.tar.gz [following]
--2020-11-10 16:22:47--  https://az764295.vo.msecnd.net/stable/d2e414d9e4239a252d1ab117bd7067f125afd80a/vscode-server-linux-x64.tar.gz
Resolving az764295.vo.msecnd.net (az764295.vo.msecnd.net)... 152.199.4.33
Connecting to az764295.vo.msecnd.net (az764295.vo.msecnd.net)|152.199.4.33|:443... connected.
HTTP request sent, awaiting response... 200 OK
Length: 32179935 (31M) [application/gzip]
Saving to: ‘/tmp/vscode.tar.gzc’

     0K .......... .......... .......... .......... ..........  0%  455K 69s
    50K .......... .......... .......... .......... ..........  0% 4.00M 38s
   100K .......... .......... .......... .......... ..........  0%  872K 37s
   150K .......... .......... .......... .......... ..........  0% 2.48M 31s
   200K .......... .......... .......... .......... ..........  0% 1.48M 29s
   250K .......... .......... .......... .......... ..........  0% 1.44M 28s
   300K .......... .......... .......... .......... ..........  1% 1.12M 27s
   350K .......... .......... .......... .......... ..........  1%  501K 32s
   400K .......... .......... .......... .......... ..........  1% 1.88M 30s
   450K .......... .......... .......... .......... ..........  1%  314K 37s
   500K .......... .......... .......... .......... ..........  1% 45.8M 33s
   550K .......... .......... .......... .......... ..........  1% 9.09M 31s
   600K .......... .......... .......... .......... ..........  2%  263K 37s
   650K .......... .......... .......... .......... ..........  2% 5.47M 35s
   700K .......... .......... .......... .......... ..........  2% 39.9M 33s
   750K .......... .......... .......... .......... ..........  2% 1.62M 32s
   800K .......... .......... .......... .......... ..........  2% 1.03M 32s
   850K .......... .......... .......... .......... ..........  2%  785K 32s
   900K .......... .......... .......... .......... ..........  3% 1.69M 31s
   950K .......... .......... .......... .......... ..........  3% 1.55M 31s
  1000K .......... .......... .......... .......... ..........  3%  614K 31s
  1050K .......... .......... .......... .......... ..........  3% 1.79M 31s
  1100K .......... .......... .......... .......... ..........  3%  301K 34s
  1150K .......... .......... .......... .......... ..........  3% 49.0M 32s
  1200K .......... .......... .......... .......... ..........  3%  697K 33s
  1250K .......... .......... .......... .......... ..........  4% 2.91M 32s
  1300K .......... .......... .......... .......... ..........  4%  667K 32s
  1350K .......... .......... .......... .......... ..........  4% 3.10M 31s
  1400K .......... .......... .......... .......... ..........  4% 2.12M 31s
  1450K .......... .......... .......... .......... ..........  4%  682K 31s
  1500K .......... .......... .......... .......... ..........  4% 41.4M 30s
  1550K .......... .......... .......... .......... ..........  5%  561K 31s
  1600K .......... .......... .......... .......... ..........  5%  488K 32s
  1650K .......... .......... .......... .......... ..........  5% 8.53M 31s
  1700K .......... .......... .......... .......... ..........  5% 55.0M 30s
  1750K .......... .......... .......... .......... ..........  5%  885K 30s
  1800K .......... .......... .......... .......... ..........  5% 5.35M 29s
  1850K .......... .......... .......... .......... ..........  6%  875K 29s
  1900K .......... .......... .......... .......... ..........  6% 2.05M 29s
  1950K .......... .......... .......... .......... ..........  6%  423K 30s
  2000K .......... .......... .......... .......... ..........  6% 28.4M 29s
  2050K .......... .......... .......... .......... ..........  6% 1.50M 29s
  2100K .......... .......... .......... .......... ..........  6% 2.35M 28s
  2150K .......... .......... .......... .......... ..........  7% 1.67M 28s
  2200K .......... .......... .......... .......... ..........  7%  826K 28s
  2250K .......... .......... .......... .......... ..........  7% 2.00M 28s
  2300K .......... .......... .......... .......... ..........  7% 1.33M 28s
  2350K .......... .......... .......... .......... ..........  7% 1.21M 27s
  2400K .......... .......... .......... .......... ..........  7% 3.24M 27s
  2450K .......... .......... .......... .......... ..........  7%  752K 27s
  2500K .......... .......... .......... .......... ..........  8% 1.47M 27s
  2550K .......... .......... .......... .......... ..........  8%  585K 27s
  2600K .......... .......... .......... .......... ..........  8%  678K 28s
  2650K .......... .......... .......... .......... ..........  8% 1.98M 27s
  2700K .......... .......... .......... .......... ..........  8%  619K 28s
  2750K .......... .......... .......... .......... ..........  8%  809K 28s
  2800K .......... .......... .......... .......... ..........  9%  829K 28s
  2850K .......... .......... .......... .......... ..........  9% 1.02M 28s
  2900K .......... .......... .......... .......... ..........  9% 2.45M 27s
  2950K .......... .......... .......... .......... ..........  9% 1.09M 27s
  3000K .......... .......... .......... .......... ..........  9% 1.20M 27s
  3050K .......... .......... .......... .......... ..........  9% 1.47M 27s
  3100K .......... .......... .......... .......... .......... 10% 1.21M 27s
  3150K .......... .......... .......... .......... .......... 10%  799K 27s
  3200K .......... .......... .......... .......... .......... 10%  995K 27s
  3250K .......... .......... .......... .......... .......... 10% 2.02M 27s
  3300K .......... .......... .......... .......... .......... 10%  984K 27s
  3350K .......... .......... .......... .......... .......... 10% 3.53M 26s
  3400K .......... .......... .......... .......... .......... 10%  912K 26s
  3450K .......... .......... .......... .......... .......... 11% 1.39M 26s
  3500K .......... .......... .......... .......... .......... 11%  895K 26s
  3550K .......... .......... .......... .......... .......... 11% 1.12M 26s
  3600K .......... .......... .......... .......... .......... 11% 1.31M 26s
  3650K .......... .......... .......... .......... .......... 11% 1023K 26s
  3700K .......... .......... .......... .......... .......... 11%  722K 26s
  3750K .......... .......... .......... .......... .......... 12% 1.87M 26s
  3800K .......... .......... .......... .......... .......... 12%  628K 26s
  3850K .......... .......... .......... .......... .......... 12% 1.66M 26s
  3900K .......... .......... .......... .......... .......... 12% 1.69M 26s
  3950K .......... .......... .......... .......... .......... 12% 1.36M 26s
  4000K .......... .......... .......... .......... .......... 12%  981K 26s
  4050K .......... .......... .......... .......... .......... 13%  516K 26s
  4100K .......... .......... .......... .......... .......... 13% 1.66M 26s
  4150K .......... .......... .......... .......... .......... 13%  832K 26s
  4200K .......... .......... .......... .......... .......... 13% 1.63M 26s
  4250K .......... .......... .......... .......... .......... 13%  658K 26s
  4300K .......... .......... .......... .......... .......... 13% 2.61M 26s
  4350K .......... .......... .......... .......... .......... 14%  719K 26s
  4400K .......... .......... .......... .......... .......... 14% 1.40M 25s
  4450K .......... .......... .......... .......... .......... 14%  796K 26s
  4500K .......... .......... .......... .......... .......... 14% 6.37M 25s
  4550K .......... .......... .......... .......... .......... 14% 1.14M 25s
  4600K .......... .......... .......... .......... .......... 14%  919K 25s
  4650K .......... .......... .......... .......... .......... 14% 3.52M 25s
  4700K .......... .......... .......... .......... .......... 15%  602K 25s
  4750K .......... .......... .......... .......... .......... 15% 2.05M 25s
  4800K .......... .......... .......... .......... .......... 15%  691K 25s
  4850K .......... .......... .......... .......... .......... 15% 1.54M 25s
  4900K .......... .......... .......... .......... .......... 15%  981K 25s
  4950K .......... .......... .......... .......... .......... 15% 1.72M 25s
  5000K .......... .......... .......... .......... .......... 16%  836K 25s
  5050K .......... .......... .......... .......... .......... 16% 2.47M 25s
  5100K .......... .......... .......... .......... .......... 16%  806K 25s
  5150K .......... .......... .......... .......... .......... 16% 1.28M 24s
  5200K .......... .......... .......... .......... .......... 16%  805K 25s
  5250K .......... .......... .......... .......... .......... 16% 3.50M 24s
  5300K .......... .......... .......... .......... .......... 17%  880K 24s
  5350K .......... .......... .......... .......... .......... 17% 1.22M 24s
  5400K .......... .......... .......... .......... .......... 17%  774K 24s
  5450K .......... .......... .......... .......... .......... 17% 1.46M 24s
  5500K .......... .......... .......... .......... .......... 17% 1.21M 24s
  5550K .......... .......... .......... .......... .......... 17%  755K 24s
  5600K .......... .......... .......... .......... .......... 17% 1.46M 24s
  5650K .......... .......... .......... .......... .......... 18%  741K 24s
  5700K .......... .......... .......... .......... .......... 18% 3.37M 24s
  5750K .......... .......... .......... .......... .......... 18% 1.13M 24s
  5800K .......... .......... .......... .......... .......... 18%  906K 24s
  5850K .......... .......... .......... .......... .......... 18% 2.45M 24s
  5900K .......... .......... .......... .......... .......... 18% 1.16M 24s
  5950K .......... .......... .......... .......... .......... 19% 1.13M 24s
  6000K .......... .......... .......... .......... .......... 19% 1.05M 23s
  6050K .......... .......... .......... .......... .......... 19% 1.02M 23s
  6100K .......... .......... .......... .......... .......... 19% 1.22M 23s
  6150K .......... .......... .......... .......... .......... 19%  734K 23s
  6200K .......... .......... .......... .......... .......... 19% 1.11M 23s
  6250K .......... .......... .......... .......... .......... 20%  579K 23s
  6300K .......... .......... .......... .......... .......... 20% 3.35M 23s
  6350K .......... .......... .......... .......... .......... 20%  391K 24s
  6400K .......... .......... .......... .......... .......... 20% 49.2M 23s
  6450K .......... .......... .......... .......... .......... 20%  581K 23s
  6500K .......... .......... .......... .......... .......... 20% 3.37M 23s
  6550K .......... .......... .......... .......... .......... 21%  489K 23s
  6600K .......... .......... .......... .......... .......... 21% 1022K 23s
  6650K .......... .......... .......... .......... .......... 21% 1.90M 23s
  6700K .......... .......... .......... .......... .......... 21%  957K 23s
  6750K .......... .......... .......... .......... .......... 21%  900K 23s
  6800K .......... .......... .......... .......... .......... 21% 1.89M 23s
  6850K .......... .......... .......... .......... .......... 21%  899K 23s
  6900K .......... .......... .......... .......... .......... 22% 2.87M 23s
  6950K .......... .......... .......... .......... .......... 22%  777K 23s
  7000K .......... .......... .......... .......... .......... 22% 1.79M 23s
  7050K .......... .......... .......... .......... .......... 22%  765K 23s
  7100K .......... .......... .......... .......... .......... 22% 5.57M 23s
  7150K .......... .......... .......... .......... .......... 22% 1.06M 23s
  7200K .......... .......... .......... .......... .......... 23%  919K 23s
  7250K .......... .......... .......... .......... .......... 23% 3.58M 22s
  7300K .......... .......... .......... .......... .......... 23%  874K 22s
  7350K .......... .......... .......... .......... .......... 23% 1.26M 22s
  7400K .......... .......... .......... .......... .......... 23%  772K 22s
  7450K .......... .......... .......... .......... .......... 23% 2.27M 22s
  7500K .......... .......... .......... .......... .......... 24% 1.01M 22s
  7550K .......... .......... .......... .......... .......... 24%  964K 22s
  7600K .......... .......... .......... .......... .......... 24% 2.34M 22s
  7650K .......... .......... .......... .......... .......... 24%  608K 22s
  7700K .......... .......... .......... .......... .......... 24% 2.37M 22s
  7750K .......... .......... .......... .......... .......... 24%  697K 22s
  7800K .......... .......... .......... .......... .......... 24% 3.29M 22s
  7850K .......... .......... .......... .......... .......... 25% 1.28M 22s
  7900K .......... .......... .......... .......... .......... 25% 1.28M 22s
  7950K .......... .......... .......... .......... .......... 25% 1.60M 22s
  8000K .......... .......... .......... .......... .......... 25%  972K 22s
  8050K .......... .......... .......... .......... .......... 25% 3.61M 21s
  8100K .......... .......... .......... .......... .......... 25% 1.06M 21s
  8150K .......... .......... .......... .......... .......... 26% 2.97M 21s
  8200K .......... .......... .......... .......... .......... 26% 1.07M 21s
  8250K .......... .......... .......... .......... .......... 26% 1.44M 21s
  8300K .......... .......... .......... .......... .......... 26%  777K 21s
  8350K .......... .......... .......... .......... .......... 26% 1.74M 21s
  8400K .......... .......... .......... .......... .......... 26% 1.06M 21s
  8450K .......... .......... .......... .......... .......... 27% 2.06M 21s
  8500K .......... .......... .......... .......... .......... 27%  930K 21s
  8550K .......... .......... .......... .......... .......... 27%  886K 21s
  8600K .......... .......... .......... .......... .......... 27% 2.31M 21s
  8650K .......... .......... .......... .......... .......... 27%  939K 21s
  8700K .......... .......... .......... .......... .......... 27% 3.74M 21s
  8750K .......... .......... .......... .......... .......... 28%  658K 21s
  8800K .......... .......... .......... .......... .......... 28% 3.73M 21s
  8850K .......... .......... .......... .......... .......... 28%  989K 21s
  8900K .......... .......... .......... .......... .......... 28% 3.42M 20s
  8950K .......... .......... .......... .......... .......... 28% 1.27M 20s
  9000K .......... .......... .......... .......... .......... 28% 2.68M 20s
  9050K .......... .......... .......... .......... .......... 28% 1.17M 20s
  9100K .......... .......... .......... .......... .......... 29% 3.88M 20s
  9150K .......... .......... .......... .......... .......... 29%  866K 20s
  9200K .......... .......... .......... .......... .......... 29% 1.40M 20s
  9250K .......... .......... .......... .......... .......... 29%  278K 20s
  9300K .......... .......... .......... .......... .......... 29% 65.5M 20s
  9350K .......... .......... .......... .......... .......... 29% 69.9M 20s
  9400K .......... .......... .......... .......... .......... 30% 2.66M 20s
  9450K .......... .......... .......... .......... .......... 30%  782K 20s
  9500K .......... .......... .......... .......... .......... 30% 2.31M 20s
  9550K .......... .......... .......... .......... .......... 30%  873K 20s
  9600K .......... .......... .......... .......... .......... 30% 1.81M 20s
  9650K .......... .......... .......... .......... .......... 30% 1.78M 20s
  9700K .......... .......... .......... .......... .......... 31%  964K 19s
  9750K .......... .......... .......... .......... .......... 31% 2.59M 19s
  9800K .......... .......... .......... .......... .......... 31% 1.15M 19s
  9850K .......... .......... .......... .......... .......... 31%  963K 19s
  9900K .......... .......... .......... .......... .......... 31% 3.11M 19s
  9950K .......... .......... .......... .......... .......... 31% 1.08M 19s
 10000K .......... .......... .......... .......... .......... 31%  565K 19s
 10050K .......... .......... .......... .......... .......... 32% 3.57M 19s
 10100K .......... .......... .......... .......... .......... 32%  338K 19s
 10150K .......... .......... .......... .......... .......... 32% 69.7M 19s
 10200K .......... .......... .......... .......... .......... 32%  681K 19s
 10250K .......... .......... .......... .......... .......... 32% 1.37M 19s
 10300K .......... .......... .......... .......... .......... 32%  642K 19s
 10350K .......... .......... .......... .......... .......... 33% 1.10M 19s
 10400K .......... .......... .......... .......... .......... 33%  881K 19s
 10450K .......... .......... .......... .......... .......... 33% 1.05M 19s
 10500K .......... .......... .......... .......... .......... 33% 1.59M 19s
 10550K .......... .......... .......... .......... .......... 33% 1.26M 19s
 10600K .......... .......... .......... .......... .......... 33% 1.15M 19s
 10650K .......... .......... .......... .......... .......... 34% 1.28M 19s
 10700K .......... .......... .......... .......... .......... 34%  845K 19s
 10750K .......... .......... .......... .......... .......... 34%  765K 19s
 10800K .......... .......... .......... .......... .......... 34%  748K 19s
 10850K .......... .......... .......... .......... .......... 34% 22.1M 19s
 10900K .......... .......... .......... .......... .......... 34%  673K 19s
 10950K .......... .......... .......... .......... .......... 35% 3.61M 18s
 11000K .......... .......... .......... .......... .......... 35%  755K 18s
 11050K .......... .......... .......... .......... .......... 35% 2.57M 18s
 11100K .......... .......... .......... .......... .......... 35%  526K 18s
 11150K .......... .......... .......... .......... .......... 35% 2.86M 18s
 11200K .......... .......... .......... .......... .......... 35%  912K 18s
 11250K .......... .......... .......... .......... .......... 35% 1.50M 18s
 11300K .......... .......... .......... .......... .......... 36%  950K 18s
 11350K .......... .......... .......... .......... .......... 36% 1.82M 18s
 11400K .......... .......... .......... .......... .......... 36%  781K 18s
 11450K .......... .......... .......... .......... .......... 36% 3.22M 18s
 11500K .......... .......... .......... .......... .......... 36%  913K 18s
 11550K .......... .......... .......... .......... .......... 36% 1.31M 18s
 11600K .......... .......... .......... .......... .......... 37%  789K 18s
 11650K .......... .......... .......... .......... .......... 37%  721K 18s
 11700K .......... .......... .......... .......... .......... 37% 2.78M 18s
 11750K .......... .......... .......... .......... .......... 37%  535K 18s
 11800K .......... .......... .......... .......... .......... 37% 25.0M 18s
 11850K .......... .......... .......... .......... .......... 37%  781K 18s
 11900K .......... .......... .......... .......... .......... 38% 2.97M 18s
 11950K .......... .......... .......... .......... .......... 38%  538K 18s
 12000K .......... .......... .......... .......... .......... 38% 2.18M 18s
 12050K .......... .......... .......... .......... .......... 38%  481K 18s
 12100K .......... .......... .......... .......... .......... 38% 1.97M 18s
 12150K .......... .......... .......... .......... .......... 38% 1.01M 18s
 12200K .......... .......... .......... .......... .......... 38%  964K 17s
 12250K .......... .......... .......... .......... .......... 39% 3.04M 17s
 12300K .......... .......... .......... .......... .......... 39%  990K 17s
 12350K .......... .......... .......... .......... .......... 39%  854K 17s
 12400K .......... .......... .......... .......... .......... 39% 1.79M 17s
 12450K .......... .......... .......... .......... .......... 39%  948K 17s
 12500K .......... .......... .......... .......... .......... 39% 1.45M 17s
 12550K .......... .......... .......... .......... .......... 40%  922K 17s
 12600K .......... .......... .......... .......... .......... 40% 1.17M 17s
 12650K .......... .......... .......... .......... .......... 40% 1.33M 17s
 12700K .......... .......... .......... .......... .......... 40%  781K 17s
 12750K .......... .......... .......... .......... .......... 40% 1.05M 17s
 12800K .......... .......... .......... .......... .......... 40% 1.05M 17s
 12850K .......... .......... .......... .......... .......... 41%  835K 17s
 12900K .......... .......... .......... .......... .......... 41% 1.81M 17s
 12950K .......... .......... .......... .......... .......... 41% 1.08M 17s
 13000K .......... .......... .......... .......... .......... 41% 2.86M 17s
 13050K .......... .......... .......... .......... .......... 41% 1.07M 17s
 13100K .......... .......... .......... .......... .......... 41%  944K 17s
 13150K .......... .......... .......... .......... .......... 42%  605K 17s
 13200K .......... .......... .......... .......... .......... 42%  741K 17s
 13250K .......... .......... .......... .......... .......... 42%  861K 17s
 13300K .......... .......... .......... .......... .......... 42%  877K 17s
 13350K .......... .......... .......... .......... .......... 42%  517K 17s
 13400K .......... .......... .......... .......... .......... 42% 1.28M 16s
 13450K .......... .......... .......... .......... .......... 42% 1.70M 16s
 13500K .......... .......... .......... .......... .......... 43%  946K 16s
 13550K .......... .......... .......... .......... .......... 43%  897K 16s
 13600K .......... .......... .......... .......... .......... 43% 2.43M 16s
 13650K .......... .......... .......... .......... .......... 43% 1.12M 16s
 13700K .......... .......... .......... .......... .......... 43% 2.52M 16s
 13750K .......... .......... .......... .......... .......... 43% 1.02M 16s
 13800K .......... .......... .......... .......... .......... 44%  937K 16s
 13850K .......... .......... .......... .......... .......... 44% 3.04M 16s
 13900K .......... .......... .......... .......... .......... 44%  763K 16s
 13950K .......... .......... .......... .......... .......... 44% 1.22M 16s
 14000K .......... .......... .......... .......... .......... 44%  798K 16s
 14050K .......... .......... .......... .......... .......... 44%  778K 16s
 14100K .......... .......... .......... .......... .......... 45% 2.00M 16s
 14150K .......... .......... .......... .......... .......... 45% 1.46M 16s
 14200K .......... .......... .......... .......... .......... 45%  947K 16s
 14250K .......... .......... .......... .......... .......... 45% 3.05M 16s
 14300K .......... .......... .......... .......... .......... 45% 1.02M 16s
 14350K .......... .......... .......... .......... .......... 45%  928K 16s
 14400K .......... .......... .......... .......... .......... 45%  825K 16s
 14450K .......... .......... .......... .......... .......... 46% 2.17M 15s
 14500K .......... .......... .......... .......... .......... 46% 1.05M 15s
 14550K .......... .......... .......... .......... .......... 46% 2.22M 15s
 14600K .......... .......... .......... .......... .......... 46% 1.23M 15s
 14650K .......... .......... .......... .......... .......... 46%  966K 15s
 14700K .......... .......... .......... .......... .......... 46% 3.36M 15s
 14750K .......... .......... .......... .......... .......... 47% 1020K 15s
 14800K .......... .......... .......... .......... .......... 47% 1.04M 15s
 14850K .......... .......... .......... .......... .......... 47% 1.71M 15s
 14900K .......... .......... .......... .......... .......... 47%  977K 15s
 14950K .......... .......... .......... .......... .......... 47% 2.04M 15s
 15000K .......... .......... .......... .......... .......... 47% 1.58M 15s
 15050K .......... .......... .......... .......... .......... 48%  977K 15s
 15100K .......... .......... .......... .......... .......... 48% 4.37M 15s
 15150K .......... .......... .......... .......... .......... 48%  982K 15s
 15200K .......... .......... .......... .......... .......... 48% 1.05M 15s
 15250K .......... .......... .......... .......... .......... 48% 2.15M 15s
 15300K .......... .......... .......... .......... .......... 48% 1.18M 15s
 15350K .......... .......... .......... .......... .......... 49% 2.74M 14s
 15400K .......... .......... .......... .......... .......... 49%  712K 14s
 15450K .......... .......... .......... .......... .......... 49% 2.02M 14s
 15500K .......... .......... .......... .......... .......... 49% 1.35M 14s
 15550K .......... .......... .......... .......... .......... 49%  631K 14s
 15600K .......... .......... .......... .......... .......... 49% 1.38M 14s
 15650K .......... .......... .......... .......... .......... 49%  479K 14s
 15700K .......... .......... .......... .......... .......... 50% 1.07M 14s
 15750K .......... .......... .......... .......... .......... 50%  542K 14s
 15800K .......... .......... .......... .......... .......... 50% 1.20M 14s
 15850K .......... .......... .......... .......... .......... 50% 2.67M 14s
 15900K .......... .......... .......... .......... .......... 50%  916K 14s
 15950K .......... .......... .......... .......... .......... 50%  950K 14s
 16000K .......... .......... .......... .......... .......... 51%  806K 14s
 16050K .......... .......... .......... .......... .......... 51% 3.17M 14s
 16100K .......... .......... .......... .......... .......... 51%  885K 14s
 16150K .......... .......... .......... .......... .......... 51%  929K 14s
 16200K .......... .......... .......... .......... .......... 51% 1.15M 14s
 16250K .......... .......... .......... .......... .......... 51% 1.88M 14s
 16300K .......... .......... .......... .......... .......... 52%  540K 14s
 16350K .......... .......... .......... .......... .......... 52%  897K 14s
 16400K .......... .......... .......... .......... .......... 52% 1.58M 14s
 16450K .......... .......... .......... .......... .......... 52% 1.08M 14s
 16500K .......... .......... .......... .......... .......... 52%  969K 14s
 16550K .......... .......... .......... .......... .......... 52% 3.20M 13s
 16600K .......... .......... .......... .......... .......... 52%  728K 13s
 16650K .......... .......... .......... .......... .......... 53% 1.24M 13s
 16700K .......... .......... .......... .......... .......... 53% 1.50M 13s
 16750K .......... .......... .......... .......... .......... 53%  892K 13s
 16800K .......... .......... .......... .......... .......... 53% 1.34M 13s
 16850K .......... .......... .......... .......... .......... 53%  681K 13s
 16900K .......... .......... .......... .......... .......... 53% 1.75M 13s
 16950K .......... .......... .......... .......... .......... 54% 1.27M 13s
 17000K .......... .......... .......... .......... .......... 54%  614K 13s
 17050K .......... .......... .......... .......... .......... 54% 1.84M 13s
 17100K .......... .......... .......... .......... .......... 54% 1.12M 13s
 17150K .......... .......... .......... .......... .......... 54%  958K 13s
 17200K .......... .......... .......... .......... .......... 54% 1.53M 13s
 17250K .......... .......... .......... .......... .......... 55%  991K 13s
 17300K .......... .......... .......... .......... .......... 55% 2.39M 13s
 17350K .......... .......... .......... .......... .......... 55% 1.03M 13s
 17400K .......... .......... .......... .......... .......... 55% 1.42M 13s
 17450K .......... .......... .......... .......... .......... 55% 2.15M 13s
 17500K .......... .......... .......... .......... .......... 55% 1.04M 13s
 17550K .......... .......... .......... .......... .......... 56% 1.42M 13s
 17600K .......... .......... .......... .......... .......... 56% 1.07M 12s
 17650K .......... .......... .......... .......... .......... 56% 2.48M 12s
 17700K .......... .......... .......... .......... .......... 56% 1.09M 12s
 17750K .......... .......... .......... .......... .......... 56% 1.02M 12s
 17800K .......... .......... .......... .......... .......... 56% 2.96M 12s
 17850K .......... .......... .......... .......... .......... 56%  617K 12s
 17900K .......... .......... .......... .......... .......... 57% 1.55M 12s
 17950K .......... .......... .......... .......... .......... 57%  706K 12s
 18000K .......... .......... .......... .......... .......... 57% 2.45M 12s
 18050K .......... .......... .......... .......... .......... 57% 1008K 12s
 18100K .......... .......... .......... .......... .......... 57% 1.32M 12s
 18150K .......... .......... .......... .......... .......... 57% 1.78M 12s
 18200K .......... .......... .......... .......... .......... 58% 1.06M 12s
 18250K .......... .......... .......... .......... .......... 58% 1.73M 12s
 18300K .......... .......... .......... .......... .......... 58%  765K 12s
 18350K .......... .......... .......... .......... .......... 58% 1.28M 12s
 18400K .......... .......... .......... .......... .......... 58%  878K 12s
 18450K .......... .......... .......... .......... .......... 58% 1.09M 12s
 18500K .......... .......... .......... .......... .......... 59% 2.40M 12s
 18550K .......... .......... .......... .......... .......... 59%  532K 12s
 18600K .......... .......... .......... .......... .......... 59% 1.89M 12s
 18650K .......... .......... .......... .......... .......... 59%  978K 11s
 18700K .......... .......... .......... .......... .......... 59%  943K 11s
 18750K .......... .......... .......... .......... .......... 59% 2.79M 11s
 18800K .......... .......... .......... .......... .......... 59%  622K 11s
 18850K .......... .......... .......... .......... .......... 60% 1.80M 11s
 18900K .......... .......... .......... .......... .......... 60%  914K 11s
 18950K .......... .......... .......... .......... .......... 60% 2.88M 11s
 19000K .......... .......... .......... .......... .......... 60%  742K 11s
 19050K .......... .......... .......... .......... .......... 60% 1.05M 11s
 19100K .......... .......... .......... .......... .......... 60% 2.70M 11s
 19150K .......... .......... .......... .......... .......... 61%  888K 11s
 19200K .......... .......... .......... .......... .......... 61% 1.21M 11s
 19250K .......... .......... .......... .......... .......... 61%  857K 11s
 19300K .......... .......... .......... .......... .......... 61% 2.17M 11s
 19350K .......... .......... .......... .......... .......... 61%  621K 11s
 19400K .......... .......... .......... .......... .......... 61% 2.45M 11s
 19450K .......... .......... .......... .......... .......... 62%  533K 11s
 19500K .......... .......... .......... .......... .......... 62% 64.0M 11s
 19550K .......... .......... .......... .......... .......... 62%  977K 11s
 19600K .......... .......... .......... .......... .......... 62% 2.32M 11s
 19650K .......... .......... .......... .......... .......... 62%  724K 11s
 19700K .......... .......... .......... .......... .......... 62% 1.64M 11s
 19750K .......... .......... .......... .......... .......... 63%  964K 10s
 19800K .......... .......... .......... .......... .......... 63%  945K 10s
 19850K .......... .......... .......... .......... .......... 63% 2.64M 10s
 19900K .......... .......... .......... .......... .......... 63%  703K 10s
 19950K .......... .......... .......... .......... .......... 63% 1.02M 10s
 20000K .......... .......... .......... .......... .......... 63%  577K 10s
 20050K .......... .......... .......... .......... .......... 63%  557K 10s
 20100K .......... .......... .......... .......... .......... 64% 3.40M 10s
 20150K .......... .......... .......... .......... .......... 64% 1.00M 10s
 20200K .......... .......... .......... .......... .......... 64% 1.86M 10s
 20250K .......... .......... .......... .......... .......... 64%  620K 10s
 20300K .......... .......... .......... .......... .......... 64% 1.96M 10s
 20350K .......... .......... .......... .......... .......... 64%  885K 10s
 20400K .......... .......... .......... .......... .......... 65% 1003K 10s
 20450K .......... .......... .......... .......... .......... 65% 2.56M 10s
 20500K .......... .......... .......... .......... .......... 65% 1.10M 10s
 20550K .......... .......... .......... .......... .......... 65%  765K 10s
 20600K .......... .......... .......... .......... .......... 65% 1.99M 10s
 20650K .......... .......... .......... .......... .......... 65% 1.08M 10s
 20700K .......... .......... .......... .......... .......... 66% 1.16M 10s
 20750K .......... .......... .......... .......... .......... 66%  745K 10s
 20800K .......... .......... .......... .......... .......... 66% 4.35M 10s
 20850K .......... .......... .......... .......... .......... 66% 1.14M 10s
 20900K .......... .......... .......... .......... .......... 66% 1.07M 9s
 20950K .......... .......... .......... .......... .......... 66% 3.47M 9s
 21000K .......... .......... .......... .......... .......... 66%  757K 9s
 21050K .......... .......... .......... .......... .......... 67% 11.8M 9s
 21100K .......... .......... .......... .......... .......... 67% 1.05M 9s
 21150K .......... .......... .......... .......... .......... 67% 1.10M 9s
 21200K .......... .......... .......... .......... .......... 67% 1.68M 9s
 21250K .......... .......... .......... .......... .......... 67%  948K 9s
 21300K .......... .......... .......... .......... .......... 67% 2.22M 9s
 21350K .......... .......... .......... .......... .......... 68%  661K 9s
 21400K .......... .......... .......... .......... .......... 68% 1.65M 9s
 21450K .......... .......... .......... .......... .......... 68%  952K 9s
 21500K .......... .......... .......... .......... .......... 68% 1.09M 9s
 21550K .......... .......... .......... .......... .......... 68% 1.10M 9s
 21600K .......... .......... .......... .......... .......... 68% 1.59M 9s
 21650K .......... .......... .......... .......... .......... 69%  942K 9s
 21700K .......... .......... .......... .......... .......... 69% 2.99M 9s
 21750K .......... .......... .......... .......... .......... 69%  859K 9s
 21800K .......... .......... .......... .......... .......... 69% 3.02M 9s
 21850K .......... .......... .......... .......... .......... 69% 1.29M 9s
 21900K .......... .......... .......... .......... .......... 69%  951K 9s
 21950K .......... .......... .......... .......... .......... 70% 1.08M 8s
 22000K .......... .......... .......... .......... .......... 70% 3.41M 8s
 22050K .......... .......... .......... .......... .......... 70%  908K 8s
 22100K .......... .......... .......... .......... .......... 70% 1.73M 8s
 22150K .......... .......... .......... .......... .......... 70%  866K 8s
 22200K .......... .......... .......... .......... .......... 70% 1.18M 8s
 22250K .......... .......... .......... .......... .......... 70% 1.19M 8s
 22300K .......... .......... .......... .......... .......... 71% 2.95M 8s
 22350K .......... .......... .......... .......... .......... 71% 1.07M 8s
 22400K .......... .......... .......... .......... .......... 71% 2.84M 8s
 22450K .......... .......... .......... .......... .......... 71%  999K 8s
 22500K .......... .......... .......... .......... .......... 71% 1.10M 8s
 22550K .......... .......... .......... .......... .......... 71% 2.54M 8s
 22600K .......... .......... .......... .......... .......... 72% 2.41M 8s
 22650K .......... .......... .......... .......... .......... 72% 1021K 8s
 22700K .......... .......... .......... .......... .......... 72% 2.69M 8s
 22750K .......... .......... .......... .......... .......... 72%  975K 8s
 22800K .......... .......... .......... .......... .......... 72% 1.92M 8s
 22850K .......... .......... .......... .......... .......... 72% 1.15M 8s
 22900K .......... .......... .......... .......... .......... 73%  405K 8s
 22950K .......... .......... .......... .......... .......... 73% 42.4M 8s
 23000K .......... .......... .......... .......... .......... 73% 32.2M 7s
 23050K .......... .......... .......... .......... .......... 73% 38.4M 7s
 23100K .......... .......... .......... .......... .......... 73% 2.25M 7s
 23150K .......... .......... .......... .......... .......... 73%  669K 7s
 23200K .......... .......... .......... .......... .......... 73% 2.94M 7s
 23250K .......... .......... .......... .......... .......... 74% 1.23M 7s
 23300K .......... .......... .......... .......... .......... 74% 1.21M 7s
 23350K .......... .......... .......... .......... .......... 74% 3.17M 7s
 23400K .......... .......... .......... .......... .......... 74%  946K 7s
 23450K .......... .......... .......... .......... .......... 74% 2.62M 7s
 23500K .......... .......... .......... .......... .......... 74% 1.38M 7s
 23550K .......... .......... .......... .......... .......... 75% 1.71M 7s
 23600K .......... .......... .......... .......... .......... 75% 1.12M 7s
 23650K .......... .......... .......... .......... .......... 75% 1.50M 7s
 23700K .......... .......... .......... .......... .......... 75% 1.66M 7s
 23750K .......... .......... .......... .......... .......... 75%  911K 7s
 23800K .......... .......... .......... .......... .......... 75% 3.53M 7s
 23850K .......... .......... .......... .......... .......... 76%  905K 7s
 23900K .......... .......... .......... .......... .......... 76% 2.12M 7s
 23950K .......... .......... .......... .......... .......... 76% 1.47M 7s
 24000K .......... .......... .......... .......... .......... 76% 1009K 7s
 24050K .......... .......... .......... .......... .......... 76% 1.86M 6s
 24100K .......... .......... .......... .......... .......... 76%  986K 6s
 24150K .......... .......... .......... .......... .......... 77% 1.09M 6s
 24200K .......... .......... .......... .......... .......... 77% 3.31M 6s
 24250K .......... .......... .......... .......... .......... 77% 1.24M 6s
 24300K .......... .......... .......... .......... .......... 77% 2.88M 6s
 24350K .......... .......... .......... .......... .......... 77% 1.07M 6s
 24400K .......... .......... .......... .......... .......... 77% 1.24M 6s
 24450K .......... .......... .......... .......... .......... 77% 1.75M 6s
 24500K .......... .......... .......... .......... .......... 78%  823K 6s
 24550K .......... .......... .......... .......... .......... 78% 2.23M 6s
 24600K .......... .......... .......... .......... .......... 78%  721K 6s
 24650K .......... .......... .......... .......... .......... 78% 1.76M 6s
 24700K .......... .......... .......... .......... .......... 78%  756K 6s
 24750K .......... .......... .......... .......... .......... 78% 1.57M 6s
 24800K .......... .......... .......... .......... .......... 79%  912K 6s
 24850K .......... .......... .......... .......... .......... 79% 2.63M 6s
 24900K .......... .......... .......... .......... .......... 79%  819K 6s
 24950K .......... .......... .......... .......... .......... 79% 2.60M 6s
 25000K .......... .......... .......... .......... .......... 79% 3.53M 6s
 25050K .......... .......... .......... .......... .......... 79%  980K 6s
 25100K .......... .......... .......... .......... .......... 80% 1.77M 6s
 25150K .......... .......... .......... .......... .......... 80%  804K 5s
 25200K .......... .......... .......... .......... .......... 80% 2.16M 5s
 25250K .......... .......... .......... .......... .......... 80%  792K 5s
 25300K .......... .......... .......... .......... .......... 80% 2.07M 5s
 25350K .......... .......... .......... .......... .......... 80%  509K 5s
 25400K .......... .......... .......... .......... .......... 80% 60.7M 5s
 25450K .......... .......... .......... .......... .......... 81% 26.3M 5s
 25500K .......... .......... .......... .......... .......... 81%  772K 5s
 25550K .......... .......... .......... .......... .......... 81%  636K 5s
 25600K .......... .......... .......... .......... .......... 81% 3.80M 5s
 25650K .......... .......... .......... .......... .......... 81%  695K 5s
 25700K .......... .......... .......... .......... .......... 81% 2.80M 5s
 25750K .......... .......... .......... .......... .......... 82%  618K 5s
 25800K .......... .......... .......... .......... .......... 82% 1.69M 5s
 25850K .......... .......... .......... .......... .......... 82%  881K 5s
 25900K .......... .......... .......... .......... .......... 82% 3.40M 5s
 25950K .......... .......... .......... .......... .......... 82%  857K 5s
 26000K .......... .......... .......... .......... .......... 82% 1.52M 5s
 26050K .......... .......... .......... .......... .......... 83% 1.96M 5s
 26100K .......... .......... .......... .......... .......... 83%  938K 5s
 26150K .......... .......... .......... .......... .......... 83% 1.80M 5s
 26200K .......... .......... .......... .......... .......... 83% 1.46M 5s
 26250K .......... .......... .......... .......... .......... 83%  790K 4s
 26300K .......... .......... .......... .......... .......... 83% 3.18M 4s
 26350K .......... .......... .......... .......... .......... 84%  819K 4s
 26400K .......... .......... .......... .......... .......... 84% 1.98M 4s
 26450K .......... .......... .......... .......... .......... 84%  783K 4s
 26500K .......... .......... .......... .......... .......... 84% 3.69M 4s
 26550K .......... .......... .......... .......... .......... 84%  995K 4s
 26600K .......... .......... .......... .......... .......... 84% 2.77M 4s
 26650K .......... .......... .......... .......... .......... 84% 1.07M 4s
 26700K .......... .......... .......... .......... .......... 85% 1.75M 4s
 26750K .......... .......... .......... .......... .......... 85% 1.19M 4s
 26800K .......... .......... .......... .......... .......... 85%  907K 4s
 26850K .......... .......... .......... .......... .......... 85% 2.06M 4s
 26900K .......... .......... .......... .......... .......... 85% 1.24M 4s
 26950K .......... .......... .......... .......... .......... 85% 2.85M 4s
 27000K .......... .......... .......... .......... .......... 86% 1.43M 4s
 27050K .......... .......... .......... .......... .......... 86%  754K 4s
 27100K .......... .......... .......... .......... .......... 86% 2.18M 4s
 27150K .......... .......... .......... .......... .......... 86%  563K 4s
 27200K .......... .......... .......... .......... .......... 86% 2.89M 4s
 27250K .......... .......... .......... .......... .......... 86% 1.05M 4s
 27300K .......... .......... .......... .......... .......... 87% 1.76M 4s
 27350K .......... .......... .......... .......... .......... 87% 1.58M 4s
 27400K .......... .......... .......... .......... .......... 87% 2.88M 3s
 27450K .......... .......... .......... .......... .......... 87% 1.06M 3s
 27500K .......... .......... .......... .......... .......... 87% 2.28M 3s
 27550K .......... .......... .......... .......... .......... 87%  983K 3s
 27600K .......... .......... .......... .......... .......... 87% 1.21M 3s
 27650K .......... .......... .......... .......... .......... 88% 2.39M 3s
 27700K .......... .......... .......... .......... .......... 88% 2.83M 3s
 27750K .......... .......... .......... .......... .......... 88% 1.34M 3s
 27800K .......... .......... .......... .......... .......... 88% 1.08M 3s
 27850K .......... .......... .......... .......... .......... 88% 3.56M 3s
 27900K .......... .......... .......... .......... .......... 88% 1.08M 3s
 27950K .......... .......... .......... .......... .......... 89% 2.70M 3s
 28000K .......... .......... .......... .......... .......... 89%  836K 3s
 28050K .......... .......... .......... .......... .......... 89% 4.44M 3s
 28100K .......... .......... .......... .......... .......... 89% 1.22M 3s
 28150K .......... .......... .......... .......... .......... 89%  926K 3s
 28200K .......... .......... .......... .......... .......... 89% 1.82M 3s
 28250K .......... .......... .......... .......... .......... 90% 1.38M 3s
 28300K .......... .......... .......... .......... .......... 90%  966K 3s
 28350K .......... .......... .......... .......... .......... 90% 3.26M 3s
 28400K .......... .......... .......... .......... .......... 90% 1.21M 3s
 28450K .......... .......... .......... .......... .......... 90% 3.71M 3s
 28500K .......... .......... .......... .......... .......... 90% 4.63M 2s
 28550K .......... .......... .......... .......... .......... 91%  982K 2s
 28600K .......... .......... .......... .......... .......... 91% 5.34M 2s
 28650K .......... .......... .......... .......... .......... 91%  886K 2s
 28700K .......... .......... .......... .......... .......... 91% 3.92M 2s
 28750K .......... .......... .......... .......... .......... 91%  871K 2s
 28800K .......... .......... .......... .......... .......... 91% 3.03M 2s
 28850K .......... .......... .......... .......... .......... 91% 1.40M 2s
 28900K .......... .......... .......... .......... .......... 92%  990K 2s
 28950K .......... .......... .......... .......... .......... 92% 3.63M 2s
 29000K .......... .......... .......... .......... .......... 92%  803K 2s
 29050K .......... .......... .......... .......... .......... 92% 1.74M 2s
 29100K .......... .......... .......... .......... .......... 92% 1.77M 2s
 29150K .......... .......... .......... .......... .......... 92%  692K 2s
 29200K .......... .......... .......... .......... .......... 93% 2.68M 2s
 29250K .......... .......... .......... .......... .......... 93%  567K 2s
 29300K .......... .......... .......... .......... .......... 93%  725K 2s
 29350K .......... .......... .......... .......... .......... 93% 1.06M 2s
 29400K .......... .......... .......... .......... .......... 93% 1.09M 2s
 29450K .......... .......... .......... .......... .......... 93% 2.12M 2s
 29500K .......... .......... .......... .......... .......... 94%  830K 2s
 29550K .......... .......... .......... .......... .......... 94%  976K 2s
 29600K .......... .......... .......... .......... .......... 94%  815K 2s
 29650K .......... .......... .......... .......... .......... 94% 4.24M 1s
 29700K .......... .......... .......... .......... .......... 94%  910K 1s
 29750K .......... .......... .......... .......... .......... 94%  679K 1s
 29800K .......... .......... .......... .......... .......... 94% 4.17M 1s
 29850K .......... .......... .......... .......... .......... 95%  675K 1s
 29900K .......... .......... .......... .......... .......... 95% 2.68M 1s
 29950K .......... .......... .......... .......... .......... 95%  778K 1s
 30000K .......... .......... .......... .......... .......... 95% 7.68M 1s
 30050K .......... .......... .......... .......... .......... 95%  989K 1s
 30100K .......... .......... .......... .......... .......... 95% 3.42M 1s
 30150K .......... .......... .......... .......... .......... 96% 1.21M 1s
 30200K .......... .......... .......... .......... .......... 96% 1.16M 1s
 30250K .......... .......... .......... .......... .......... 96% 3.64M 1s
 30300K .......... .......... .......... .......... .......... 96% 1.07M 1s
 30350K .......... .......... .......... .......... .......... 96% 1.70M 1s
 30400K .......... .......... .......... .......... .......... 96% 1.17M 1s
 30450K .......... .......... .......... .......... .......... 97% 4.12M 1s
 30500K .......... .......... .......... .......... .......... 97%  931K 1s
 30550K .......... .......... .......... .......... .......... 97% 3.21M 1s
 30600K .......... .......... .......... .......... .......... 97% 1.37M 1s
 30650K .......... .......... .......... .......... .......... 97% 2.91M 1s
 30700K .......... .......... .......... .......... .......... 97%  765K 1s
 30750K .......... .......... .......... .......... .......... 98% 2.33M 1s
 30800K .......... .......... .......... .......... .......... 98% 1002K 0s
 30850K .......... .......... .......... .......... .......... 98% 1.86M 0s
 30900K .......... .......... .......... .......... .......... 98%  900K 0s
 30950K .......... .......... .......... .......... .......... 98% 2.19M 0s
 31000K .......... .......... .......... .......... .......... 98% 1.02M 0s
 31050K .......... .......... .......... .......... .......... 98% 3.45M 0s
 31100K .......... .......... .......... .......... .......... 99%  796K 0s
 31150K .......... .......... .......... .......... .......... 99% 1.82M 0s
 31200K .......... .......... .......... .......... .......... 99% 1.62M 0s
 31250K .......... .......... .......... .......... .......... 99% 1.27M 0s
 31300K .......... .......... .......... .......... .......... 99% 3.35M 0s
 31350K .......... .......... .......... .......... .......... 99%  739K 0s
 31400K .......... .......... .....                           100% 5.30M=27s

2020-11-10 16:23:14 (1.14 MB/s) - ‘/tmp/vscode.tar.gzc’ saved [32179935/32179935]

++ tar -x -f /tmp/vscode.tar.gzc --strip-components 1 -C /Users/Setup/.vscode-server/bin/d2e414d9e4239a252d1ab117bd7067f125afd80a
++ rm /tmp/vscode.tar.gzc
+ [[ true == \t\r\u\e ]]
+ set +x
